# JRE version: Java(TM) SE Runtime Environment (8.0_201-b09) (build 1.8.0_201-b09)
# Java VM: Java HotSpot(TM) 64-Bit Server VM (25.201-b09 mixed mode linux-amd64 compressed oops)
Heap:
 PSYoungGen      total 138752K, used 13292K [0x00000000d6e00000, 0x00000000e0400000, 0x0000000100000000)
  eden space 125440K, 0% used [0x00000000d6e00000,0x00000000d6e00000,0x00000000de880000)
  from space 13312K, 99% used [0x00000000de880000,0x00000000df57b010,0x00000000df580000)
  to   space 11776K, 0% used [0x00000000df580000,0x00000000df580000,0x00000000e0100000)
 ParOldGen       total 84992K, used 17420K [0x0000000084a00000, 0x0000000089d00000, 0x00000000d6e00000)
  object space 84992K, 20% used [0x0000000084a00000,0x0000000085b033c8,0x0000000089d00000)
 Metaspace       used 5021K, capacity 5196K, committed 5376K, reserved 1056768K
  class space    used 576K, capacity 648K, committed 768K, reserved 1048576K
GC Heap History (10 events):
Event: 1.388 GC heap after
Heap after GC invocations=2 (full 0):
 PSYoungGen      total 36864K, used 5106K [0x00000000d6e00000, 0x00000000db600000, 0x0000000100000000)
  eden space 31744K, 0% used [0x00000000d6e00000,0x00000000d6e00000,0x00000000d8d00000)
  from space 5120K, 99% used [0x00000000d9200000,0x00000000d96fca40,0x00000000d9700000)
  to   space 5120K, 0% used [0x00000000d8d00000,0x00000000d8d00000,0x00000000d9200000)
 ParOldGen       total 84992K, used 896K [0x0000000084a00000, 0x0000000089d00000, 0x00000000d6e00000)
  object space 84992K, 1% used [0x0000000084a00000,0x0000000084ae0000,0x0000000089d00000)
 Metaspace       used 5021K, capacity 5196K, committed 5376K, reserved 1056768K
  class space    used 576K, capacity 648K, committed 768K, reserved 1048576K
}
Event: 1.666 GC heap before
{Heap before GC invocations=3 (full 0):
 PSYoungGen      total 36864K, used 36850K [0x00000000d6e00000, 0x00000000db600000, 0x0000000100000000)
  eden space 31744K, 100% used [0x00000000d6e00000,0x00000000d8d00000,0x00000000d8d00000)
  from space 5120K, 99% used [0x00000000d9200000,0x00000000d96fca40,0x00000000d9700000)
  to   space 5120K, 0% used [0x00000000d8d00000,0x00000000d8d00000,0x00000000d9200000)
 ParOldGen       total 84992K, used 896K [0x0000000084a00000, 0x0000000089d00000, 0x00000000d6e00000)
  object space 84992K, 1% used [0x0000000084a00000,0x0000000084ae0000,0x0000000089d00000)
 Metaspace       used 5021K, capacity 5196K, committed 5376K, reserved 1056768K
  class space    used 576K, capacity 648K, committed 768K, reserved 1048576K
Event: 1.693 GC heap after
Heap after GC invocations=3 (full 0):
 PSYoungGen      total 36864K, used 5102K [0x00000000d6e00000, 0x00000000db600000, 0x0000000100000000)
  eden space 31744K, 0% used [0x00000000d6e00000,0x00000000d6e00000,0x00000000d8d00000)
  from space 5120K, 99% used [0x00000000d8d00000,0x00000000d91fbb68,0x00000000d9200000)
  to   space 5120K, 0% used [0x00000000db100000,0x00000000db100000,0x00000000db600000)
 ParOldGen       total 84992K, used 3064K [0x0000000084a00000, 0x0000000089d00000, 0x00000000d6e00000)
  object space 84992K, 3% used [0x0000000084a00000,0x0000000084cfe000,0x0000000089d00000)
 Metaspace       used 5021K, capacity 5196K, committed 5376K, reserved 1056768K
  class space    used 576K, capacity 648K, committed 768K, reserved 1048576K
}
Event: 2.026 GC heap before
{Heap before GC invocations=4 (full 0):
 PSYoungGen      total 36864K, used 36846K [0x00000000d6e00000, 0x00000000db600000, 0x0000000100000000)
  eden space 31744K, 100% used [0x00000000d6e00000,0x00000000d8d00000,0x00000000d8d00000)
  from space 5120K, 99% used [0x00000000d8d00000,0x00000000d91fbb68,0x00000000d9200000)
  to   space 5120K, 0% used [0x00000000db100000,0x00000000db100000,0x00000000db600000)
 ParOldGen       total 84992K, used 3064K [0x0000000084a00000, 0x0000000089d00000, 0x00000000d6e00000)
  object space 84992K, 3% used [0x0000000084a00000,0x0000000084cfe000,0x0000000089d00000)
 Metaspace       used 5021K, capacity 5196K, committed 5376K, reserved 1056768K
  class space    used 576K, capacity 648K, committed 768K, reserved 1048576K
Event: 2.050 GC heap after
Heap after GC invocations=4 (full 0):
 PSYoungGen      total 68608K, used 5102K [0x00000000d6e00000, 0x00000000db600000, 0x0000000100000000)
  eden space 63488K, 0% used [0x00000000d6e00000,0x00000000d6e00000,0x00000000dac00000)
  from space 5120K, 99% used [0x00000000db100000,0x00000000db5fbb68,0x00000000db600000)
  to   space 5120K, 0% used [0x00000000dac00000,0x00000000dac00000,0x00000000db100000)
 ParOldGen       total 84992K, used 5280K [0x0000000084a00000, 0x0000000089d00000, 0x00000000d6e00000)
  object space 84992K, 6% used [0x0000000084a00000,0x0000000084f28000,0x0000000089d00000)
 Metaspace       used 5021K, capacity 5196K, committed 5376K, reserved 1056768K
  class space    used 576K, capacity 648K, committed 768K, reserved 1048576K
}
Event: 3.030 GC heap before
{Heap before GC invocations=5 (full 0):
 PSYoungGen      total 68608K, used 68590K [0x00000000d6e00000, 0x00000000db600000, 0x0000000100000000)
  eden space 63488K, 100% used [0x00000000d6e00000,0x00000000dac00000,0x00000000dac00000)
  from space 5120K, 99% used [0x00000000db100000,0x00000000db5fbb68,0x00000000db600000)
  to   space 5120K, 0% used [0x00000000dac00000,0x00000000dac00000,0x00000000db100000)
 ParOldGen       total 84992K, used 5280K [0x0000000084a00000, 0x0000000089d00000, 0x00000000d6e00000)
  object space 84992K, 6% used [0x0000000084a00000,0x0000000084f28000,0x0000000089d00000)
 Metaspace       used 5021K, capacity 5196K, committed 5376K, reserved 1056768K
  class space    used 576K, capacity 648K, committed 768K, reserved 1048576K
Event: 3.050 GC heap after
Heap after GC invocations=5 (full 0):
 PSYoungGen      total 68608K, used 5102K [0x00000000d6e00000, 0x00000000e0100000, 0x0000000100000000)
  eden space 63488K, 0% used [0x00000000d6e00000,0x00000000d6e00000,0x00000000dac00000)
  from space 5120K, 99% used [0x00000000dac00000,0x00000000db0fb908,0x00000000db100000)
  to   space 11776K, 0% used [0x00000000df580000,0x00000000df580000,0x00000000e0100000)
 ParOldGen       total 84992K, used 10296K [0x0000000084a00000, 0x0000000089d00000, 0x00000000d6e00000)
  object space 84992K, 12% used [0x0000000084a00000,0x000000008540e000,0x0000000089d00000)
 Metaspace       used 5021K, capacity 5196K, committed 5376K, reserved 1056768K
  class space    used 576K, capacity 648K, committed 768K, reserved 1048576K
}
Event: 3.811 GC heap before
{Heap before GC invocations=6 (full 0):
 PSYoungGen      total 68608K, used 68590K [0x00000000d6e00000, 0x00000000e0100000, 0x0000000100000000)
  eden space 63488K, 100% used [0x00000000d6e00000,0x00000000dac00000,0x00000000dac00000)
  from space 5120K, 99% used [0x00000000dac00000,0x00000000db0fb908,0x00000000db100000)
  to   space 11776K, 0% used [0x00000000df580000,0x00000000df580000,0x00000000e0100000)
 ParOldGen       total 84992K, used 10296K [0x0000000084a00000, 0x0000000089d00000, 0x00000000d6e00000)
  object space 84992K, 12% used [0x0000000084a00000,0x000000008540e000,0x0000000089d00000)
 Metaspace       used 5021K, capacity 5196K, committed 5376K, reserved 1056768K
  class space    used 576K, capacity 648K, committed 768K, reserved 1048576K
Event: 3.863 GC heap after
Heap after GC invocations=6 (full 0):
 PSYoungGen      total 137216K, used 10413K [0x00000000d6e00000, 0x00000000e0400000, 0x0000000100000000)
  eden space 125440K, 0% used [0x00000000d6e00000,0x00000000d6e00000,0x00000000de880000)
  from space 11776K, 88% used [0x00000000df580000,0x00000000dffab578,0x00000000e0100000)
  to   space 13312K, 0% used [0x00000000de880000,0x00000000de880000,0x00000000df580000)
 ParOldGen       total 84992K, used 10304K [0x0000000084a00000, 0x0000000089d00000, 0x00000000d6e00000)
  object space 84992K, 12% used [0x0000000084a00000,0x0000000085410000,0x0000000089d00000)
 Metaspace       used 5021K, capacity 5196K, committed 5376K, reserved 1056768K
  class space    used 576K, capacity 648K, committed 768K, reserved 1048576K
}
Event: 4.965 GC heap before
{Heap before GC invocations=7 (full 0):
 PSYoungGen      total 137216K, used 135853K [0x00000000d6e00000, 0x00000000e0400000, 0x0000000100000000)
  eden space 125440K, 100% used [0x00000000d6e00000,0x00000000de880000,0x00000000de880000)
  from space 11776K, 88% used [0x00000000df580000,0x00000000dffab578,0x00000000e0100000)
  to   space 13312K, 0% used [0x00000000de880000,0x00000000de880000,0x00000000df580000)
 ParOldGen       total 84992K, used 10304K [0x0000000084a00000, 0x0000000089d00000, 0x00000000d6e00000)
  object space 84992K, 12% used [0x0000000084a00000,0x0000000085410000,0x0000000089d00000)
 Metaspace       used 5021K, capacity 5196K, committed 5376K, reserved 1056768K
  class space    used 576K, capacity 648K, committed 768K, reserved 1048576K

